/home/alex/miniconda3/envs/GeneticTrading/bin/python /mnt/windows/GeneticTrading/run_simple.py 
🤖 Trading System Launcher
==================================================
✓ Created directory: ./models
✓ Created directory: ./logs
✓ Created directory: ./cached_data
✓ Created directory: ./runs

Available modes:
  test - Quick test with minimal data (default)
  dev  - Development mode with 10% data

Usage: python run_simple.py [test|dev]

Select mode (test/dev) [test]: dev
🔧 Starting Development Mode...
📊 Using 10% of data for development
WARNING:root:Distributed training not available, running in single-process mode
2025-06-25 00:43:20 [INFO    ] [Rank-14003] STARTUP             : ================================================================================
2025-06-25 00:43:20 [INFO    ] [Rank-14003] STARTUP             : Training session started for rank 0
2025-06-25 00:43:20 [INFO    ] [Rank-14003] STARTUP             : Log file: logs/training_rank_0.log
2025-06-25 00:43:20 [INFO    ] [Rank-14003] STARTUP             : Process ID: 14003
2025-06-25 00:43:20 [INFO    ] [Rank-14003] STARTUP             : Working directory: /mnt/windows/GeneticTrading
2025-06-25 00:43:20 [INFO    ] [Rank-14003] STARTUP             : ================================================================================
2025-06-25 00:43:20 [INFO    ] [Rank-14003] root                : NCCL_TIMEOUT = 1800000 ms
2025-06-25 00:43:20 [INFO    ] [Rank-14003] root                : Using 10.0% of available data
2025-06-25 00:43:20 [INFO    ] [Rank-14003] root                : Models will be saved to: ./models/dev
2025-06-25 00:43:20 [INFO    ] [Rank-14003] root                : Rank 0/1 starting on cuda:0 (has_cudf=True)
2025-06-25 00:43:20 [INFO    ] [Rank-14003] root                : Processing data with max_rows=500, chunk_size=250
2025-06-25 00:43:20 [INFO    ] [Rank-14003] data_preprocessing  : Scanning 1 files for raw data (using chunked reading)...
2025-06-25 00:43:20 [INFO    ] [Rank-14003] data_preprocessing  : Processing file: NQ_full_1min_continuous_absolute_adjusted.txt
2025-06-25 00:43:20 [WARNING ] [Rank-14003] data_preprocessing  : Failed to read ./data_txt/NQ_full_1min_continuous_absolute_adjusted.txt: errors='coerce' is not implemented when arg is not scalar-like
2025-06-25 00:43:20 [INFO    ] [Rank-14003] root                : Trying pandas fallback for NQ_full_1min_continuous_absolute_adjusted.txt
2025-06-25 00:43:22 [INFO    ] [Rank-14003] data_preprocessing  : Combining all file chunks...
2025-06-25 00:43:22 [WARNING ] [Rank-14003] root                : Failed to combine chunks with GPU backend: can only concatenate objects which are instances of {<class 'cudf.core._base_index.BaseIndex'>, <class 'cudf.core.dataframe.DataFrame'>, <class 'cudf.core.series.Series'>}, instead received [<class 'pandas.core.frame.DataFrame'>, <class 'pandas.core.frame.DataFrame'>, <class 'pandas.core.frame.DataFrame'>, <class 'pandas.core.frame.DataFrame'>, <class 'pandas.core.frame.DataFrame'>, <class 'pandas.core.frame.DataFrame'>, <class 'pandas.core.frame.DataFrame'>, <class 'pandas.core.frame.DataFrame'>, <class 'pandas.core.frame.DataFrame'>, <class 'pandas.core.frame.DataFrame'>, <class 'pandas.core.frame.DataFrame'>, <class 'pandas.core.frame.DataFrame'>, <class 'pandas.core.frame.DataFrame'>, <class 'pandas.core.frame.DataFrame'>, <class 'pandas.core.frame.DataFrame'>, <class 'pandas.core.frame.DataFrame'>, <class 'pandas.core.frame.DataFrame'>, <class 'pandas.core.frame.DataFrame'>, <class 'pandas.core.frame.DataFrame'>, <class 'pandas.core.frame.DataFrame'>, <class 'pandas.core.frame.DataFrame'>, <class 'pandas.core.frame.DataFrame'>, <class 'pandas.core.frame.DataFrame'>, <class 'pandas.core.frame.DataFrame'>, <class 'pandas.core.frame.DataFrame'>, <class 'pandas.core.frame.DataFrame'>, <class 'pandas.core.frame.DataFrame'>, <class 'pandas.core.frame.DataFrame'>, <class 'pandas.core.frame.DataFrame'>, <class 'pandas.core.frame.DataFrame'>, <class 'pandas.core.frame.DataFrame'>, <class 'pandas.core.frame.DataFrame'>, <class 'pandas.core.frame.DataFrame'>, <class 'pandas.core.frame.DataFrame'>, <class 'pandas.core.frame.DataFrame'>, <class 'pandas.core.frame.DataFrame'>, <class 'pandas.core.frame.DataFrame'>, <class 'pandas.core.frame.DataFrame'>, <class 'pandas.core.frame.DataFrame'>, <class 'pandas.core.frame.DataFrame'>, <class 'pandas.core.frame.DataFrame'>, <class 'pandas.core.frame.DataFrame'>, <class 'pandas.core.frame.DataFrame'>, <class 'pandas.core.frame.DataFrame'>, <class 'pandas.core.frame.DataFrame'>, <class 'pandas.core.frame.DataFrame'>, <class 'pandas.core.frame.DataFrame'>, <class 'pandas.core.frame.DataFrame'>, <class 'pandas.core.frame.DataFrame'>, <class 'pandas.core.frame.DataFrame'>, <class 'pandas.core.frame.DataFrame'>, <class 'pandas.core.frame.DataFrame'>, <class 'pandas.core.frame.DataFrame'>, <class 'pandas.core.frame.DataFrame'>, <class 'pandas.core.frame.DataFrame'>, <class 'pandas.core.frame.DataFrame'>, <class 'pandas.core.frame.DataFrame'>, <class 'pandas.core.frame.DataFrame'>, <class 'pandas.core.frame.DataFrame'>, <class 'pandas.core.frame.DataFrame'>, <class 'pandas.core.frame.DataFrame'>, <class 'pandas.core.frame.DataFrame'>, <class 'pandas.core.frame.DataFrame'>, <class 'pandas.core.frame.DataFrame'>, <class 'pandas.core.frame.DataFrame'>, <class 'pandas.core.frame.DataFrame'>, <class 'pandas.core.frame.DataFrame'>, <class 'pandas.core.frame.DataFrame'>, <class 'pandas.core.frame.DataFrame'>, <class 'pandas.core.frame.DataFrame'>, <class 'pandas.core.frame.DataFrame'>, <class 'pandas.core.frame.DataFrame'>, <class 'pandas.core.frame.DataFrame'>, <class 'pandas.core.frame.DataFrame'>, <class 'pandas.core.frame.DataFrame'>, <class 'pandas.core.frame.DataFrame'>, <class 'pandas.core.frame.DataFrame'>, <class 'pandas.core.frame.DataFrame'>, <class 'pandas.core.frame.DataFrame'>, <class 'pandas.core.frame.DataFrame'>, <class 'pandas.core.frame.DataFrame'>, <class 'pandas.core.frame.DataFrame'>, <class 'pandas.core.frame.DataFrame'>, <class 'pandas.core.frame.DataFrame'>, <class 'pandas.core.frame.DataFrame'>, <class 'pandas.core.frame.DataFrame'>, <class 'pandas.core.frame.DataFrame'>, <class 'pandas.core.frame.DataFrame'>, <class 'pandas.core.frame.DataFrame'>, <class 'pandas.core.frame.DataFrame'>, <class 'pandas.core.frame.DataFrame'>, <class 'pandas.core.frame.DataFrame'>, <class 'pandas.core.frame.DataFrame'>, <class 'pandas.core.frame.DataFrame'>, <class 'pandas.core.frame.DataFrame'>, <class 'pandas.core.frame.DataFrame'>, <class 'pandas.core.frame.DataFrame'>, <class 'pandas.core.frame.DataFrame'>, <class 'pandas.core.frame.DataFrame'>, <class 'pandas.core.frame.DataFrame'>, <class 'pandas.core.frame.DataFrame'>, <class 'pandas.core.frame.DataFrame'>, <class 'pandas.core.frame.DataFrame'>, <class 'pandas.core.frame.DataFrame'>, <class 'pandas.core.frame.DataFrame'>, <class 'pandas.core.frame.DataFrame'>, <class 'pandas.core.frame.DataFrame'>, <class 'pandas.core.frame.DataFrame'>, <class 'pandas.core.frame.DataFrame'>, <class 'pandas.core.frame.DataFrame'>, <class 'pandas.core.frame.DataFrame'>, <class 'pandas.core.frame.DataFrame'>, <class 'pandas.core.frame.DataFrame'>, <class 'pandas.core.frame.DataFrame'>, <class 'pandas.core.frame.DataFrame'>, <class 'pandas.core.frame.DataFrame'>, <class 'pandas.core.frame.DataFrame'>, <class 'pandas.core.frame.DataFrame'>, <class 'pandas.core.frame.DataFrame'>, <class 'pandas.core.frame.DataFrame'>, <class 'pandas.core.frame.DataFrame'>, <class 'pandas.core.frame.DataFrame'>, <class 'pandas.core.frame.DataFrame'>, <class 'pandas.core.frame.DataFrame'>, <class 'pandas.core.frame.DataFrame'>, <class 'pandas.core.frame.DataFrame'>, <class 'pandas.core.frame.DataFrame'>, <class 'pandas.core.frame.DataFrame'>, <class 'pandas.core.frame.DataFrame'>, <class 'pandas.core.frame.DataFrame'>, <class 'pandas.core.frame.DataFrame'>, <class 'pandas.core.frame.DataFrame'>, <class 'pandas.core.frame.DataFrame'>, <class 'pandas.core.frame.DataFrame'>, <class 'pandas.core.frame.DataFrame'>, <class 'pandas.core.frame.DataFrame'>, <class 'pandas.core.frame.DataFrame'>, <class 'pandas.core.frame.DataFrame'>, <class 'pandas.core.frame.DataFrame'>, <class 'pandas.core.frame.DataFrame'>, <class 'pandas.core.frame.DataFrame'>, <class 'pandas.core.frame.DataFrame'>, <class 'pandas.core.frame.DataFrame'>, <class 'pandas.core.frame.DataFrame'>, <class 'pandas.core.frame.DataFrame'>, <class 'pandas.core.frame.DataFrame'>, <class 'pandas.core.frame.DataFrame'>, <class 'pandas.core.frame.DataFrame'>, <class 'pandas.core.frame.DataFrame'>, <class 'pandas.core.frame.DataFrame'>, <class 'pandas.core.frame.DataFrame'>, <class 'pandas.core.frame.DataFrame'>, <class 'pandas.core.frame.DataFrame'>, <class 'pandas.core.frame.DataFrame'>, <class 'pandas.core.frame.DataFrame'>, <class 'pandas.core.frame.DataFrame'>, <class 'pandas.core.frame.DataFrame'>, <class 'pandas.core.frame.DataFrame'>, <class 'pandas.core.frame.DataFrame'>, <class 'pandas.core.frame.DataFrame'>, <class 'pandas.core.frame.DataFrame'>, <class 'pandas.core.frame.DataFrame'>, <class 'pandas.core.frame.DataFrame'>, <class 'pandas.core.frame.DataFrame'>, <class 'pandas.core.frame.DataFrame'>, <class 'pandas.core.frame.DataFrame'>, <class 'pandas.core.frame.DataFrame'>, <class 'pandas.core.frame.DataFrame'>, <class 'pandas.core.frame.DataFrame'>, <class 'pandas.core.frame.DataFrame'>, <class 'pandas.core.frame.DataFrame'>, <class 'pandas.core.frame.DataFrame'>, <class 'pandas.core.frame.DataFrame'>, <class 'pandas.core.frame.DataFrame'>, <class 'pandas.core.frame.DataFrame'>, <class 'pandas.core.frame.DataFrame'>, <class 'pandas.core.frame.DataFrame'>, <class 'pandas.core.frame.DataFrame'>, <class 'pandas.core.frame.DataFrame'>, <class 'pandas.core.frame.DataFrame'>, <class 'pandas.core.frame.DataFrame'>, <class 'pandas.core.frame.DataFrame'>, <class 'pandas.core.frame.DataFrame'>, <class 'pandas.core.frame.DataFrame'>, <class 'pandas.core.frame.DataFrame'>, <class 'pandas.core.frame.DataFrame'>, <class 'pandas.core.frame.DataFrame'>, <class 'pandas.core.frame.DataFrame'>, <class 'pandas.core.frame.DataFrame'>, <class 'pandas.core.frame.DataFrame'>, <class 'pandas.core.frame.DataFrame'>, <class 'pandas.core.frame.DataFrame'>, <class 'pandas.core.frame.DataFrame'>, <class 'pandas.core.frame.DataFrame'>, <class 'pandas.core.frame.DataFrame'>, <class 'pandas.core.frame.DataFrame'>, <class 'pandas.core.frame.DataFrame'>, <class 'pandas.core.frame.DataFrame'>, <class 'pandas.core.frame.DataFrame'>, <class 'pandas.core.frame.DataFrame'>, <class 'pandas.core.frame.DataFrame'>, <class 'pandas.core.frame.DataFrame'>, <class 'pandas.core.frame.DataFrame'>, <class 'pandas.core.frame.DataFrame'>, <class 'pandas.core.frame.DataFrame'>, <class 'pandas.core.frame.DataFrame'>, <class 'pandas.core.frame.DataFrame'>, <class 'pandas.core.frame.DataFrame'>, <class 'pandas.core.frame.DataFrame'>, <class 'pandas.core.frame.DataFrame'>, <class 'pandas.core.frame.DataFrame'>, <class 'pandas.core.frame.DataFrame'>, <class 'pandas.core.frame.DataFrame'>, <class 'pandas.core.frame.DataFrame'>, <class 'pandas.core.frame.DataFrame'>, <class 'pandas.core.frame.DataFrame'>, <class 'pandas.core.frame.DataFrame'>, <class 'pandas.core.frame.DataFrame'>, <class 'pandas.core.frame.DataFrame'>, <class 'pandas.core.frame.DataFrame'>, <class 'pandas.core.frame.DataFrame'>, <class 'pandas.core.frame.DataFrame'>, <class 'pandas.core.frame.DataFrame'>, <class 'pandas.core.frame.DataFrame'>, <class 'pandas.core.frame.DataFrame'>, <class 'pandas.core.frame.DataFrame'>, <class 'pandas.core.frame.DataFrame'>, <class 'pandas.core.frame.DataFrame'>, <class 'pandas.core.frame.DataFrame'>, <class 'pandas.core.frame.DataFrame'>, <class 'pandas.core.frame.DataFrame'>, <class 'pandas.core.frame.DataFrame'>, <class 'pandas.core.frame.DataFrame'>, <class 'pandas.core.frame.DataFrame'>, <class 'pandas.core.frame.DataFrame'>, <class 'pandas.core.frame.DataFrame'>, <class 'pandas.core.frame.DataFrame'>, <class 'pandas.core.frame.DataFrame'>, <class 'pandas.core.frame.DataFrame'>, <class 'pandas.core.frame.DataFrame'>, <class 'pandas.core.frame.DataFrame'>, <class 'pandas.core.frame.DataFrame'>, <class 'pandas.core.frame.DataFrame'>, <class 'pandas.core.frame.DataFrame'>, <class 'pandas.core.frame.DataFrame'>, <class 'pandas.core.frame.DataFrame'>, <class 'pandas.core.frame.DataFrame'>, <class 'pandas.core.frame.DataFrame'>, <class 'pandas.core.frame.DataFrame'>, <class 'pandas.core.frame.DataFrame'>, <class 'pandas.core.frame.DataFrame'>, <class 'pandas.core.frame.DataFrame'>, <class 'pandas.core.frame.DataFrame'>, <class 'pandas.core.frame.DataFrame'>, <class 'pandas.core.frame.DataFrame'>, <class 'pandas.core.frame.DataFrame'>, <class 'pandas.core.frame.DataFrame'>, <class 'pandas.core.frame.DataFrame'>, <class 'pandas.core.frame.DataFrame'>, <class 'pandas.core.frame.DataFrame'>, <class 'pandas.core.frame.DataFrame'>, <class 'pandas.core.frame.DataFrame'>, <class 'pandas.core.frame.DataFrame'>, <class 'pandas.core.frame.DataFrame'>, <class 'pandas.core.frame.DataFrame'>, <class 'pandas.core.frame.DataFrame'>, <class 'pandas.core.frame.DataFrame'>, <class 'pandas.core.frame.DataFrame'>, <class 'pandas.core.frame.DataFrame'>, <class 'pandas.core.frame.DataFrame'>, <class 'pandas.core.frame.DataFrame'>, <class 'pandas.core.frame.DataFrame'>, <class 'pandas.core.frame.DataFrame'>, <class 'pandas.core.frame.DataFrame'>, <class 'pandas.core.frame.DataFrame'>, <class 'pandas.core.frame.DataFrame'>, <class 'pandas.core.frame.DataFrame'>, <class 'pandas.core.frame.DataFrame'>, <class 'pandas.core.frame.DataFrame'>, <class 'pandas.core.frame.DataFrame'>, <class 'pandas.core.frame.DataFrame'>, <class 'pandas.core.frame.DataFrame'>, <class 'pandas.core.frame.DataFrame'>, <class 'pandas.core.frame.DataFrame'>, <class 'pandas.core.frame.DataFrame'>, <class 'pandas.core.frame.DataFrame'>, <class 'pandas.core.frame.DataFrame'>, <class 'pandas.core.frame.DataFrame'>, <class 'pandas.core.frame.DataFrame'>, <class 'pandas.core.frame.DataFrame'>, <class 'pandas.core.frame.DataFrame'>, <class 'pandas.core.frame.DataFrame'>, <class 'pandas.core.frame.DataFrame'>, <class 'pandas.core.frame.DataFrame'>, <class 'pandas.core.frame.DataFrame'>, <class 'pandas.core.frame.DataFrame'>, <class 'pandas.core.frame.DataFrame'>, <class 'pandas.core.frame.DataFrame'>, <class 'pandas.core.frame.DataFrame'>, <class 'pandas.core.frame.DataFrame'>, <class 'pandas.core.frame.DataFrame'>, <class 'pandas.core.frame.DataFrame'>, <class 'pandas.core.frame.DataFrame'>, <class 'pandas.core.frame.DataFrame'>, <class 'pandas.core.frame.DataFrame'>, <class 'pandas.core.frame.DataFrame'>, <class 'pandas.core.frame.DataFrame'>, <class 'pandas.core.frame.DataFrame'>, <class 'pandas.core.frame.DataFrame'>, <class 'pandas.core.frame.DataFrame'>, <class 'pandas.core.frame.DataFrame'>, <class 'pandas.core.frame.DataFrame'>, <class 'pandas.core.frame.DataFrame'>, <class 'pandas.core.frame.DataFrame'>, <class 'pandas.core.frame.DataFrame'>, <class 'pandas.core.frame.DataFrame'>, <class 'pandas.core.frame.DataFrame'>, <class 'pandas.core.frame.DataFrame'>, <class 'pandas.core.frame.DataFrame'>, <class 'pandas.core.frame.DataFrame'>, <class 'pandas.core.frame.DataFrame'>, <class 'pandas.core.frame.DataFrame'>, <class 'pandas.core.frame.DataFrame'>, <class 'pandas.core.frame.DataFrame'>, <class 'pandas.core.frame.DataFrame'>, <class 'pandas.core.frame.DataFrame'>, <class 'pandas.core.frame.DataFrame'>, <class 'pandas.core.frame.DataFrame'>, <class 'pandas.core.frame.DataFrame'>, <class 'pandas.core.frame.DataFrame'>, <class 'pandas.core.frame.DataFrame'>, <class 'pandas.core.frame.DataFrame'>, <class 'pandas.core.frame.DataFrame'>, <class 'pandas.core.frame.DataFrame'>, <class 'pandas.core.frame.DataFrame'>, <class 'pandas.core.frame.DataFrame'>, <class 'pandas.core.frame.DataFrame'>, <class 'pandas.core.frame.DataFrame'>, <class 'pandas.core.frame.DataFrame'>, <class 'pandas.core.frame.DataFrame'>, <class 'pandas.core.frame.DataFrame'>, <class 'pandas.core.frame.DataFrame'>, <class 'pandas.core.frame.DataFrame'>, <class 'pandas.core.frame.DataFrame'>, <class 'pandas.core.frame.DataFrame'>, <class 'pandas.core.frame.DataFrame'>, <class 'pandas.core.frame.DataFrame'>, <class 'pandas.core.frame.DataFrame'>, <class 'pandas.core.frame.DataFrame'>, <class 'pandas.core.frame.DataFrame'>, <class 'pandas.core.frame.DataFrame'>, <class 'pandas.core.frame.DataFrame'>, <class 'pandas.core.frame.DataFrame'>, <class 'pandas.core.frame.DataFrame'>, <class 'pandas.core.frame.DataFrame'>, <class 'pandas.core.frame.DataFrame'>, <class 'pandas.core.frame.DataFrame'>, <class 'pandas.core.frame.DataFrame'>, <class 'pandas.core.frame.DataFrame'>, <class 'pandas.core.frame.DataFrame'>, <class 'pandas.core.frame.DataFrame'>, <class 'pandas.core.frame.DataFrame'>, <class 'pandas.core.frame.DataFrame'>, <class 'pandas.core.frame.DataFrame'>, <class 'pandas.core.frame.DataFrame'>, <class 'pandas.core.frame.DataFrame'>, <class 'pandas.core.frame.DataFrame'>, <class 'pandas.core.frame.DataFrame'>, <class 'pandas.core.frame.DataFrame'>, <class 'pandas.core.frame.DataFrame'>, <class 'pandas.core.frame.DataFrame'>, <class 'pandas.core.frame.DataFrame'>, <class 'pandas.core.frame.DataFrame'>, <class 'pandas.core.frame.DataFrame'>, <class 'pandas.core.frame.DataFrame'>, <class 'pandas.core.frame.DataFrame'>, <class 'pandas.core.frame.DataFrame'>, <class 'pandas.core.frame.DataFrame'>, <class 'pandas.core.frame.DataFrame'>, <class 'pandas.core.frame.DataFrame'>, <class 'pandas.core.frame.DataFrame'>, <class 'pandas.core.frame.DataFrame'>, <class 'pandas.core.frame.DataFrame'>, <class 'pandas.core.frame.DataFrame'>, <class 'pandas.core.frame.DataFrame'>, <class 'pandas.core.frame.DataFrame'>, <class 'pandas.core.frame.DataFrame'>, <class 'pandas.core.frame.DataFrame'>, <class 'pandas.core.frame.DataFrame'>, <class 'pandas.core.frame.DataFrame'>, <class 'pandas.core.frame.DataFrame'>, <class 'pandas.core.frame.DataFrame'>, <class 'pandas.core.frame.DataFrame'>, <class 'pandas.core.frame.DataFrame'>, <class 'pandas.core.frame.DataFrame'>, <class 'pandas.core.frame.DataFrame'>, <class 'pandas.core.frame.DataFrame'>, <class 'pandas.core.frame.DataFrame'>, <class 'pandas.core.frame.DataFrame'>, <class 'pandas.core.frame.DataFrame'>, <class 'pandas.core.frame.DataFrame'>, <class 'pandas.core.frame.DataFrame'>, <class 'pandas.core.frame.DataFrame'>, <class 'pandas.core.frame.DataFrame'>, <class 'pandas.core.frame.DataFrame'>, <class 'pandas.core.frame.DataFrame'>, <class 'pandas.core.frame.DataFrame'>, <class 'pandas.core.frame.DataFrame'>, <class 'pandas.core.frame.DataFrame'>, <class 'pandas.core.frame.DataFrame'>, <class 'pandas.core.frame.DataFrame'>, <class 'pandas.core.frame.DataFrame'>, <class 'pandas.core.frame.DataFrame'>, <class 'pandas.core.frame.DataFrame'>, <class 'pandas.core.frame.DataFrame'>, <class 'pandas.core.frame.DataFrame'>, <class 'pandas.core.frame.DataFrame'>, <class 'pandas.core.frame.DataFrame'>, <class 'pandas.core.frame.DataFrame'>, <class 'pandas.core.frame.DataFrame'>, <class 'pandas.core.frame.DataFrame'>, <class 'pandas.core.frame.DataFrame'>, <class 'pandas.core.frame.DataFrame'>, <class 'pandas.core.frame.DataFrame'>, <class 'pandas.core.frame.DataFrame'>, <class 'pandas.core.frame.DataFrame'>, <class 'pandas.core.frame.DataFrame'>, <class 'pandas.core.frame.DataFrame'>, <class 'pandas.core.frame.DataFrame'>, <class 'pandas.core.frame.DataFrame'>, <class 'pandas.core.frame.DataFrame'>, <class 'pandas.core.frame.DataFrame'>, <class 'pandas.core.frame.DataFrame'>, <class 'pandas.core.frame.DataFrame'>, <class 'pandas.core.frame.DataFrame'>, <class 'pandas.core.frame.DataFrame'>, <class 'pandas.core.frame.DataFrame'>, <class 'pandas.core.frame.DataFrame'>, <class 'pandas.core.frame.DataFrame'>, <class 'pandas.core.frame.DataFrame'>, <class 'pandas.core.frame.DataFrame'>, <class 'pandas.core.frame.DataFrame'>, <class 'pandas.core.frame.DataFrame'>, <class 'pandas.core.frame.DataFrame'>, <class 'pandas.core.frame.DataFrame'>, <class 'pandas.core.frame.DataFrame'>, <class 'pandas.core.frame.DataFrame'>, <class 'pandas.core.frame.DataFrame'>, <class 'pandas.core.frame.DataFrame'>, <class 'pandas.core.frame.DataFrame'>, <class 'pandas.core.frame.DataFrame'>, <class 'pandas.core.frame.DataFrame'>, <class 'pandas.core.frame.DataFrame'>, <class 'pandas.core.frame.DataFrame'>, <class 'pandas.core.frame.DataFrame'>, <class 'pandas.core.frame.DataFrame'>, <class 'pandas.core.frame.DataFrame'>, <class 'pandas.core.frame.DataFrame'>, <class 'pandas.core.frame.DataFrame'>, <class 'pandas.core.frame.DataFrame'>, <class 'pandas.core.frame.DataFrame'>, <class 'pandas.core.frame.DataFrame'>, <class 'pandas.core.frame.DataFrame'>, <class 'pandas.core.frame.DataFrame'>, <class 'pandas.core.frame.DataFrame'>, <class 'pandas.core.frame.DataFrame'>, <class 'pandas.core.frame.DataFrame'>, <class 'pandas.core.frame.DataFrame'>, <class 'pandas.core.frame.DataFrame'>, <class 'pandas.core.frame.DataFrame'>, <class 'pandas.core.frame.DataFrame'>, <class 'pandas.core.frame.DataFrame'>, <class 'pandas.core.frame.DataFrame'>, <class 'pandas.core.frame.DataFrame'>, <class 'pandas.core.frame.DataFrame'>, <class 'pandas.core.frame.DataFrame'>, <class 'pandas.core.frame.DataFrame'>, <class 'pandas.core.frame.DataFrame'>, <class 'pandas.core.frame.DataFrame'>, <class 'pandas.core.frame.DataFrame'>, <class 'pandas.core.frame.DataFrame'>, <class 'pandas.core.frame.DataFrame'>, <class 'pandas.core.frame.DataFrame'>, <class 'pandas.core.frame.DataFrame'>, <class 'pandas.core.frame.DataFrame'>, <class 'pandas.core.frame.DataFrame'>, <class 'pandas.core.frame.DataFrame'>, <class 'pandas.core.frame.DataFrame'>, <class 'pandas.core.frame.DataFrame'>, <class 'pandas.core.frame.DataFrame'>, <class 'pandas.core.frame.DataFrame'>, <class 'pandas.core.frame.DataFrame'>, <class 'pandas.core.frame.DataFrame'>, <class 'pandas.core.frame.DataFrame'>, <class 'pandas.core.frame.DataFrame'>, <class 'pandas.core.frame.DataFrame'>, <class 'pandas.core.frame.DataFrame'>, <class 'pandas.core.frame.DataFrame'>, <class 'pandas.core.frame.DataFrame'>, <class 'pandas.core.frame.DataFrame'>, <class 'pandas.core.frame.DataFrame'>, <class 'pandas.core.frame.DataFrame'>, <class 'pandas.core.frame.DataFrame'>, <class 'pandas.core.frame.DataFrame'>, <class 'pandas.core.frame.DataFrame'>, <class 'pandas.core.frame.DataFrame'>, <class 'pandas.core.frame.DataFrame'>, <class 'pandas.core.frame.DataFrame'>, <class 'pandas.core.frame.DataFrame'>, <class 'pandas.core.frame.DataFrame'>, <class 'pandas.core.frame.DataFrame'>, <class 'pandas.core.frame.DataFrame'>, <class 'pandas.core.frame.DataFrame'>, <class 'pandas.core.frame.DataFrame'>, <class 'pandas.core.frame.DataFrame'>, <class 'pandas.core.frame.DataFrame'>, <class 'pandas.core.frame.DataFrame'>, <class 'pandas.core.frame.DataFrame'>, <class 'pandas.core.frame.DataFrame'>, <class 'pandas.core.frame.DataFrame'>, <class 'pandas.core.frame.DataFrame'>, <class 'pandas.core.frame.DataFrame'>, <class 'pandas.core.frame.DataFrame'>, <class 'pandas.core.frame.DataFrame'>, <class 'pandas.core.frame.DataFrame'>, <class 'pandas.core.frame.DataFrame'>, <class 'pandas.core.frame.DataFrame'>, <class 'pandas.core.frame.DataFrame'>, <class 'pandas.core.frame.DataFrame'>, <class 'pandas.core.frame.DataFrame'>, <class 'pandas.core.frame.DataFrame'>, <class 'pandas.core.frame.DataFrame'>, <class 'pandas.core.frame.DataFrame'>, <class 'pandas.core.frame.DataFrame'>, <class 'pandas.core.frame.DataFrame'>, <class 'pandas.core.frame.DataFrame'>, <class 'pandas.core.frame.DataFrame'>, <class 'pandas.core.frame.DataFrame'>, <class 'pandas.core.frame.DataFrame'>], using pandas

❌ Error during training: 'date_time'
Traceback (most recent call last):
  File "/home/alex/miniconda3/envs/GeneticTrading/lib/python3.12/site-packages/pandas/core/indexes/base.py", line 3805, in get_loc
    return self._engine.get_loc(casted_key)
           ^^^^^^^^^^^^^^^^^^^^^^^^^^^^^^^^
  File "index.pyx", line 167, in pandas._libs.index.IndexEngine.get_loc
  File "index.pyx", line 196, in pandas._libs.index.IndexEngine.get_loc
  File "pandas/_libs/hashtable_class_helper.pxi", line 7081, in pandas._libs.hashtable.PyObjectHashTable.get_item
  File "pandas/_libs/hashtable_class_helper.pxi", line 7089, in pandas._libs.hashtable.PyObjectHashTable.get_item
KeyError: 'date_time'

The above exception was the direct cause of the following exception:

Traceback (most recent call last):
  File "/mnt/windows/GeneticTrading/run_simple.py", line 94, in main
    run_development()
  File "/mnt/windows/GeneticTrading/run_simple.py", line 73, in run_development
    main()
  File "/mnt/windows/GeneticTrading/main.py", line 319, in main
    train_df, test_df, sc, seg = create_environment_data(
                                 ^^^^^^^^^^^^^^^^^^^^^^^^
  File "/mnt/windows/GeneticTrading/data_preprocessing.py", line 346, in create_environment_data
    df = load_and_cache_data(data_folder, cache_folder)
         ^^^^^^^^^^^^^^^^^^^^^^^^^^^^^^^^^^^^^^^^^^^^^^
  File "/mnt/windows/GeneticTrading/data_preprocessing.py", line 189, in load_and_cache_data
    df["date_time"] = cudf.to_datetime(df["date_time"], errors='coerce')
                                       ~~^^^^^^^^^^^^^
  File "/home/alex/miniconda3/envs/GeneticTrading/lib/python3.12/site-packages/pandas/core/frame.py", line 4102, in __getitem__
    indexer = self.columns.get_loc(key)
              ^^^^^^^^^^^^^^^^^^^^^^^^^
  File "/home/alex/miniconda3/envs/GeneticTrading/lib/python3.12/site-packages/pandas/core/indexes/base.py", line 3812, in get_loc
    raise KeyError(key) from err
KeyError: 'date_time'

Process finished with exit code 0