(GeneticTrading) alex@alex-System-Product-Name:/mnt/windows/GeneticTrading$ # 1) Get rid of any stray lock
rm -f .git/index.lock

# 2) Throw away your local commits and reset to exactly origin/master
git reset --hard origin/master
HEAD is now at b331a35 Initial commit: snapshot current working-tree state
(GeneticTrading) alex@alex-System-Product-Name:/mnt/windows/GeneticTrading$ ls run_4gpu_1000rows.py    # confirm the file is present
python run_4gpu_1000rows.py
run_4gpu_1000rows.py
Starting 4 GPU training with 1000 rows...
Command: torchrun --nproc_per_node=4 --nnodes=1 --node_rank=0 --master_addr=127.0.0.1 --master_port=12355 main.py --max-rows 1000 --data-percentage 1.0 --chunk-size 250 --models-dir ./models/4gpu_1000rows --checkpoint-interval 2 --backup-count 3 --training-mode adaptive --adaptive-iterations 10 --ga-population 40 --ga-generations 20 --ppo-batch-size 16 --ppo-lr 1e-3 --max-train-per-rank 200 --max-test-per-rank 50 --nccl-timeout 3600000 --value-per-tick 12.5 --tick-size 0.25 --commission 0.0001 --margin-rate 0.005 --log-dir ./logs/4gpu_1000rows --tensorboard-dir ./runs/4gpu_1000rows
Environment variables set for NVLink optimization
W0624 23:10:29.053000 95309 site-packages/torch/distributed/run.py:766] 
W0624 23:10:29.053000 95309 site-packages/torch/distributed/run.py:766] *****************************************
W0624 23:10:29.053000 95309 site-packages/torch/distributed/run.py:766] Setting OMP_NUM_THREADS environment variable for each process to be 1 in default, to avoid your system being overloaded, please further tune the variable for optimal performance in your application as needed. 
W0624 23:10:29.053000 95309 site-packages/torch/distributed/run.py:766] *****************************************
/home/alex/miniconda3/envs/GeneticTrading/lib/python3.12/site-packages/cudf/utils/_ptxcompiler.py:64: UserWarning: Error getting driver and runtime versions:

stdout:



stderr:

Traceback (most recent call last):
  File "<string>", line 4, in <module>
  File "/home/alex/miniconda3/envs/GeneticTrading/lib/python3.12/site-packages/numba_cuda/numba/cuda/cudadrv/driver.py", line 314, in __getattr__
    raise CudaSupportError("Error at driver init: \n%s:" %
numba.cuda.cudadrv.error.CudaSupportError: Error at driver init: 

CUDA driver library cannot be found.
If you are sure that a CUDA driver is installed,
try setting environment variable NUMBA_CUDA_DRIVER
with the file path of the CUDA driver shared library.
:


Not patching Numba
  warnings.warn(msg, UserWarning)
/home/alex/miniconda3/envs/GeneticTrading/lib/python3.12/site-packages/cudf/utils/_ptxcompiler.py:64: UserWarning: Error getting driver and runtime versions:

stdout:



stderr:

Traceback (most recent call last):
  File "<string>", line 4, in <module>
  File "/home/alex/miniconda3/envs/GeneticTrading/lib/python3.12/site-packages/numba_cuda/numba/cuda/cudadrv/driver.py", line 314, in __getattr__
    raise CudaSupportError("Error at driver init: \n%s:" %
numba.cuda.cudadrv.error.CudaSupportError: Error at driver init: 

CUDA driver library cannot be found.
If you are sure that a CUDA driver is installed,
try setting environment variable NUMBA_CUDA_DRIVER
with the file path of the CUDA driver shared library.
:


Not patching Numba
  warnings.warn(msg, UserWarning)
/home/alex/miniconda3/envs/GeneticTrading/lib/python3.12/site-packages/cudf/utils/_ptxcompiler.py:64: UserWarning: Error getting driver and runtime versions:

stdout:



stderr:

Traceback (most recent call last):
  File "<string>", line 4, in <module>
  File "/home/alex/miniconda3/envs/GeneticTrading/lib/python3.12/site-packages/numba_cuda/numba/cuda/cudadrv/driver.py", line 314, in __getattr__
    raise CudaSupportError("Error at driver init: \n%s:" %
numba.cuda.cudadrv.error.CudaSupportError: Error at driver init: 

CUDA driver library cannot be found.
If you are sure that a CUDA driver is installed,
try setting environment variable NUMBA_CUDA_DRIVER
with the file path of the CUDA driver shared library.
:


Not patching Numba
  warnings.warn(msg, UserWarning)
/home/alex/miniconda3/envs/GeneticTrading/lib/python3.12/site-packages/cudf/utils/_ptxcompiler.py:64: UserWarning: Error getting driver and runtime versions:

stdout:



stderr:

Traceback (most recent call last):
  File "<string>", line 4, in <module>
  File "/home/alex/miniconda3/envs/GeneticTrading/lib/python3.12/site-packages/numba_cuda/numba/cuda/cudadrv/driver.py", line 314, in __getattr__
    raise CudaSupportError("Error at driver init: \n%s:" %
numba.cuda.cudadrv.error.CudaSupportError: Error at driver init: 

CUDA driver library cannot be found.
If you are sure that a CUDA driver is installed,
try setting environment variable NUMBA_CUDA_DRIVER
with the file path of the CUDA driver shared library.
:


Not patching Numba
  warnings.warn(msg, UserWarning)
/home/alex/miniconda3/envs/GeneticTrading/lib/python3.12/site-packages/cudf/utils/gpu_utils.py:62: UserWarning: Failed to dlopen libcuda.so.1
  warnings.warn(str(e))
/home/alex/miniconda3/envs/GeneticTrading/lib/python3.12/site-packages/cudf/utils/gpu_utils.py:62: UserWarning: Failed to dlopen libcuda.so.1
  warnings.warn(str(e))
/home/alex/miniconda3/envs/GeneticTrading/lib/python3.12/site-packages/cudf/utils/gpu_utils.py:62: UserWarning: Failed to dlopen libcuda.so.1
  warnings.warn(str(e))
/home/alex/miniconda3/envs/GeneticTrading/lib/python3.12/site-packages/cudf/utils/gpu_utils.py:62: UserWarning: Failed to dlopen libcuda.so.1
  warnings.warn(str(e))
I0624 23:10:30.959000 95342 site-packages/torch/distributed/distributed_c10d.py:432] Using backend config: {'cpu': 'gloo', 'cuda': 'gloo'}
I0624 23:10:30.959000 95344 site-packages/torch/distributed/distributed_c10d.py:432] Using backend config: {'cpu': 'gloo', 'cuda': 'gloo'}
I0624 23:10:30.965000 95345 site-packages/torch/distributed/distributed_c10d.py:432] Using backend config: {'cpu': 'gloo', 'cuda': 'gloo'}
I0624 23:10:30.971000 95343 site-packages/torch/distributed/distributed_c10d.py:432] Using backend config: {'cpu': 'gloo', 'cuda': 'gloo'}
2025-06-24 23:10:30 [INFO    ] [Rank-95342] STARTUP             : ================================================================================
2025-06-24 23:10:30 [INFO    ] [Rank-95342] STARTUP             : Training session started for rank 0
2025-06-24 23:10:30 [INFO    ] [Rank-95342] STARTUP             : Log file: logs/training_rank_0.log
2025-06-24 23:10:30 [INFO    ] [Rank-95342] STARTUP             : Process ID: 95342
2025-06-24 23:10:30 [INFO    ] [Rank-95342] STARTUP             : Working directory: /mnt/windows/GeneticTrading
2025-06-24 23:10:30 [INFO    ] [Rank-95342] STARTUP             : ================================================================================
2025-06-24 23:10:30 [INFO    ] [Rank-95342] root                : NCCL_TIMEOUT = 3600000 ms
2025-06-24 23:10:30 [INFO    ] [Rank-95342] root                : Using 100.0% of available data
2025-06-24 23:10:30 [INFO    ] [Rank-95342] root                : Models will be saved to: ./models/4gpu_1000rows
2025-06-24 23:10:30 [INFO    ] [Rank-95342] root                : Rank 0/4 starting on cpu (has_cudf=True)
2025-06-24 23:10:30 [INFO    ] [Rank-95342] root                : Processing data with max_rows=1000, chunk_size=250
2025-06-24 23:10:30 [INFO    ] [Rank-95342] data_preprocessing  : Scanning 1 files for raw data (using chunked reading)...
2025-06-24 23:10:30 [INFO    ] [Rank-95342] data_preprocessing  : Processing file: NQ_full_1min_continuous_absolute_adjusted.txt
2025-06-24 23:10:30 [INFO    ] [Rank-95343] STARTUP             : ================================================================================
2025-06-24 23:10:30 [INFO    ] [Rank-95343] STARTUP             : Training session started for rank 1
2025-06-24 23:10:30 [INFO    ] [Rank-95343] STARTUP             : Log file: logs/training_rank_1.log
2025-06-24 23:10:30 [WARNING ] [Rank-95342] data_preprocessing  : Failed to read ./data_txt/NQ_full_1min_continuous_absolute_adjusted.txt in chunks, trying direct read: read_csv() got an unexpected keyword argument 'chunksize'
2025-06-24 23:10:30 [INFO    ] [Rank-95343] STARTUP             : Process ID: 95343
2025-06-24 23:10:30 [INFO    ] [Rank-95345] STARTUP             : ================================================================================
2025-06-24 23:10:30 [INFO    ] [Rank-95343] STARTUP             : Working directory: /mnt/windows/GeneticTrading
2025-06-24 23:10:30 [INFO    ] [Rank-95343] STARTUP             : ================================================================================
2025-06-24 23:10:30 [INFO    ] [Rank-95345] STARTUP             : Training session started for rank 3
2025-06-24 23:10:30 [INFO    ] [Rank-95345] STARTUP             : Log file: logs/training_rank_3.log
2025-06-24 23:10:30 [INFO    ] [Rank-95343] root                : Rank 1/4 starting on cpu (has_cudf=True)
2025-06-24 23:10:30 [INFO    ] [Rank-95345] STARTUP             : Process ID: 95345
2025-06-24 23:10:30 [INFO    ] [Rank-95345] STARTUP             : Working directory: /mnt/windows/GeneticTrading
2025-06-24 23:10:30 [INFO    ] [Rank-95344] STARTUP             : ================================================================================
2025-06-24 23:10:30 [INFO    ] [Rank-95345] STARTUP             : ================================================================================
2025-06-24 23:10:30 [INFO    ] [Rank-95344] STARTUP             : Training session started for rank 2
2025-06-24 23:10:30 [INFO    ] [Rank-95344] STARTUP             : Log file: logs/training_rank_2.log
2025-06-24 23:10:30 [INFO    ] [Rank-95345] root                : Rank 3/4 starting on cpu (has_cudf=True)
2025-06-24 23:10:30 [INFO    ] [Rank-95344] STARTUP             : Process ID: 95344
2025-06-24 23:10:30 [INFO    ] [Rank-95344] STARTUP             : Working directory: /mnt/windows/GeneticTrading
2025-06-24 23:10:30 [INFO    ] [Rank-95344] STARTUP             : ================================================================================
2025-06-24 23:10:30 [INFO    ] [Rank-95344] root                : Rank 2/4 starting on cpu (has_cudf=True)
[rank0]: Traceback (most recent call last):
[rank0]:   File "/mnt/windows/GeneticTrading/data_preprocessing.py", line 94, in load_and_cache_data
[rank0]:     chunk_reader = cudf.read_csv(
[rank0]:                    ^^^^^^^^^^^^^^
[rank0]:   File "/home/alex/miniconda3/envs/GeneticTrading/lib/python3.12/site-packages/cudf/utils/performance_tracking.py", line 51, in wrapper
[rank0]:     return func(*args, **kwargs)
[rank0]:            ^^^^^^^^^^^^^^^^^^^^^
[rank0]: TypeError: read_csv() got an unexpected keyword argument 'chunksize'

[rank0]: During handling of the above exception, another exception occurred:

[rank0]: Traceback (most recent call last):
[rank0]:   File "/mnt/windows/GeneticTrading/main.py", line 465, in <module>
[rank0]:     main()
[rank0]:   File "/mnt/windows/GeneticTrading/main.py", line 298, in main
[rank0]:     train_df, test_df, sc, seg = create_environment_data(
[rank0]:                                  ^^^^^^^^^^^^^^^^^^^^^^^^
[rank0]:   File "/mnt/windows/GeneticTrading/data_preprocessing.py", line 308, in create_environment_data
[rank0]:     df = load_and_cache_data(data_folder, cache_folder)
[rank0]:          ^^^^^^^^^^^^^^^^^^^^^^^^^^^^^^^^^^^^^^^^^^^^^^
[rank0]:   File "/mnt/windows/GeneticTrading/data_preprocessing.py", line 132, in load_and_cache_data
[rank0]:     file_df = cudf.read_csv(
[rank0]:               ^^^^^^^^^^^^^^
[rank0]:   File "/home/alex/miniconda3/envs/GeneticTrading/lib/python3.12/site-packages/cudf/utils/performance_tracking.py", line 51, in wrapper
[rank0]:     return func(*args, **kwargs)
[rank0]:            ^^^^^^^^^^^^^^^^^^^^^
[rank0]:   File "/home/alex/miniconda3/envs/GeneticTrading/lib/python3.12/site-packages/cudf/io/csv.py", line 257, in read_csv
[rank0]:     table_w_meta = plc.io.csv.read_csv(options)
[rank0]:                    ^^^^^^^^^^^^^^^^^^^^^^^^^^^^
[rank0]:   File "csv.pyx", line 631, in pylibcudf.io.csv.read_csv
[rank0]:   File "csv.pyx", line 649, in pylibcudf.io.csv.read_csv
[rank0]: MemoryError: std::bad_alloc: CUDA error at: /home/alex/miniconda3/envs/GeneticTrading/include/rmm/mr/device/cuda_memory_resource.hpp
2025-06-24 23:10:31 [WARNING ] [Rank-95343] root                : Barrier failed ([/pytorch/third_party/gloo/gloo/transport/tcp/pair.cc:534] Connection closed by peer [127.0.0.1]:683); continuing without synchronization
[rank1]: Traceback (most recent call last):
[rank1]:   File "/mnt/windows/GeneticTrading/main.py", line 465, in <module>
[rank1]:     main()
[rank1]:   File "/mnt/windows/GeneticTrading/main.py", line 330, in main
[rank1]:     full_train = cudf.read_parquet(train_path)
[rank1]:                  ^^^^^^^^^^^^^^^^^^^^^^^^^^^^^
[rank1]:   File "/home/alex/miniconda3/envs/GeneticTrading/lib/python3.12/site-packages/cudf/utils/performance_tracking.py", line 51, in wrapper
[rank1]:     return func(*args, **kwargs)
[rank1]:            ^^^^^^^^^^^^^^^^^^^^^
[rank1]:   File "/home/alex/miniconda3/envs/GeneticTrading/lib/python3.12/site-packages/cudf/io/parquet.py", line 827, in read_parquet
[rank1]:     ) = _process_dataset(
[rank1]:         ^^^^^^^^^^^^^^^^^
[rank1]:   File "/home/alex/miniconda3/envs/GeneticTrading/lib/python3.12/site-packages/cudf/utils/performance_tracking.py", line 51, in wrapper
[rank1]:     return func(*args, **kwargs)
[rank1]:            ^^^^^^^^^^^^^^^^^^^^^
[rank1]:   File "/home/alex/miniconda3/envs/GeneticTrading/lib/python3.12/site-packages/cudf/io/parquet.py", line 638, in _process_dataset
[rank1]:     dataset = ds.dataset(
[rank1]:               ^^^^^^^^^^^
[rank1]:   File "/home/alex/miniconda3/envs/GeneticTrading/lib/python3.12/site-packages/pyarrow/dataset.py", line 794, in dataset
[rank1]:     return _filesystem_dataset(source, **kwargs)
[rank1]:            ^^^^^^^^^^^^^^^^^^^^^^^^^^^^^^^^^^^^^
[rank1]:   File "/home/alex/miniconda3/envs/GeneticTrading/lib/python3.12/site-packages/pyarrow/dataset.py", line 476, in _filesystem_dataset
[rank1]:     fs, paths_or_selector = _ensure_single_source(source, filesystem)
[rank1]:                             ^^^^^^^^^^^^^^^^^^^^^^^^^^^^^^^^^^^^^^^^^
[rank1]:   File "/home/alex/miniconda3/envs/GeneticTrading/lib/python3.12/site-packages/pyarrow/dataset.py", line 441, in _ensure_single_source
[rank1]:     raise FileNotFoundError(path)
[rank1]: FileNotFoundError: /mnt/windows/GeneticTrading/cached_data/train_data.parquet
2025-06-24 23:10:31 [WARNING ] [Rank-95344] root                : Barrier failed ([/pytorch/third_party/gloo/gloo/transport/tcp/pair.cc:534] Connection closed by peer [127.0.0.1]:12442); continuing without synchronization
[rank2]: Traceback (most recent call last):
[rank2]:   File "/mnt/windows/GeneticTrading/main.py", line 465, in <module>
[rank2]:     main()
[rank2]:   File "/mnt/windows/GeneticTrading/main.py", line 330, in main
[rank2]:     full_train = cudf.read_parquet(train_path)
[rank2]:                  ^^^^^^^^^^^^^^^^^^^^^^^^^^^^^
[rank2]:   File "/home/alex/miniconda3/envs/GeneticTrading/lib/python3.12/site-packages/cudf/utils/performance_tracking.py", line 51, in wrapper
[rank2]:     return func(*args, **kwargs)
[rank2]:            ^^^^^^^^^^^^^^^^^^^^^
[rank2]:   File "/home/alex/miniconda3/envs/GeneticTrading/lib/python3.12/site-packages/cudf/io/parquet.py", line 827, in read_parquet
[rank2]:     ) = _process_dataset(
[rank2]:         ^^^^^^^^^^^^^^^^^
[rank2]:   File "/home/alex/miniconda3/envs/GeneticTrading/lib/python3.12/site-packages/cudf/utils/performance_tracking.py", line 51, in wrapper
[rank2]:     return func(*args, **kwargs)
[rank2]:            ^^^^^^^^^^^^^^^^^^^^^
[rank2]:   File "/home/alex/miniconda3/envs/GeneticTrading/lib/python3.12/site-packages/cudf/io/parquet.py", line 638, in _process_dataset
[rank2]:     dataset = ds.dataset(
[rank2]:               ^^^^^^^^^^^
[rank2]:   File "/home/alex/miniconda3/envs/GeneticTrading/lib/python3.12/site-packages/pyarrow/dataset.py", line 794, in dataset
[rank2]:     return _filesystem_dataset(source, **kwargs)
[rank2]:            ^^^^^^^^^^^^^^^^^^^^^^^^^^^^^^^^^^^^^
[rank2]:   File "/home/alex/miniconda3/envs/GeneticTrading/lib/python3.12/site-packages/pyarrow/dataset.py", line 476, in _filesystem_dataset
[rank2]:     fs, paths_or_selector = _ensure_single_source(source, filesystem)
[rank2]:                             ^^^^^^^^^^^^^^^^^^^^^^^^^^^^^^^^^^^^^^^^^
[rank2]:   File "/home/alex/miniconda3/envs/GeneticTrading/lib/python3.12/site-packages/pyarrow/dataset.py", line 441, in _ensure_single_source
[rank2]:     raise FileNotFoundError(path)
[rank2]: FileNotFoundError: /mnt/windows/GeneticTrading/cached_data/train_data.parquet
2025-06-24 23:10:31 [WARNING ] [Rank-95345] root                : Barrier failed ([/pytorch/third_party/gloo/gloo/transport/tcp/pair.cc:534] Connection closed by peer [127.0.0.1]:6856); continuing without synchronization
[rank3]: Traceback (most recent call last):
[rank3]:   File "/mnt/windows/GeneticTrading/main.py", line 465, in <module>
[rank3]:     main()
[rank3]:   File "/mnt/windows/GeneticTrading/main.py", line 330, in main
[rank3]:     full_train = cudf.read_parquet(train_path)
[rank3]:                  ^^^^^^^^^^^^^^^^^^^^^^^^^^^^^
[rank3]:   File "/home/alex/miniconda3/envs/GeneticTrading/lib/python3.12/site-packages/cudf/utils/performance_tracking.py", line 51, in wrapper
[rank3]:     return func(*args, **kwargs)
[rank3]:            ^^^^^^^^^^^^^^^^^^^^^
[rank3]:   File "/home/alex/miniconda3/envs/GeneticTrading/lib/python3.12/site-packages/cudf/io/parquet.py", line 827, in read_parquet
[rank3]:     ) = _process_dataset(
[rank3]:         ^^^^^^^^^^^^^^^^^
[rank3]:   File "/home/alex/miniconda3/envs/GeneticTrading/lib/python3.12/site-packages/cudf/utils/performance_tracking.py", line 51, in wrapper
[rank3]:     return func(*args, **kwargs)
[rank3]:            ^^^^^^^^^^^^^^^^^^^^^
[rank3]:   File "/home/alex/miniconda3/envs/GeneticTrading/lib/python3.12/site-packages/cudf/io/parquet.py", line 638, in _process_dataset
[rank3]:     dataset = ds.dataset(
[rank3]:               ^^^^^^^^^^^
[rank3]:   File "/home/alex/miniconda3/envs/GeneticTrading/lib/python3.12/site-packages/pyarrow/dataset.py", line 794, in dataset
[rank3]:     return _filesystem_dataset(source, **kwargs)
[rank3]:            ^^^^^^^^^^^^^^^^^^^^^^^^^^^^^^^^^^^^^
[rank3]:   File "/home/alex/miniconda3/envs/GeneticTrading/lib/python3.12/site-packages/pyarrow/dataset.py", line 476, in _filesystem_dataset
[rank3]:     fs, paths_or_selector = _ensure_single_source(source, filesystem)
[rank3]:                             ^^^^^^^^^^^^^^^^^^^^^^^^^^^^^^^^^^^^^^^^^
[rank3]:   File "/home/alex/miniconda3/envs/GeneticTrading/lib/python3.12/site-packages/pyarrow/dataset.py", line 441, in _ensure_single_source
[rank3]:     raise FileNotFoundError(path)
[rank3]: FileNotFoundError: /mnt/windows/GeneticTrading/cached_data/train_data.parquet
W0624 23:10:31.459000 95309 site-packages/torch/distributed/elastic/multiprocessing/api.py:900] Sending process 95343 closing signal SIGTERM
W0624 23:10:31.460000 95309 site-packages/torch/distributed/elastic/multiprocessing/api.py:900] Sending process 95344 closing signal SIGTERM
W0624 23:10:31.460000 95309 site-packages/torch/distributed/elastic/multiprocessing/api.py:900] Sending process 95345 closing signal SIGTERM
E0624 23:10:31.491000 95309 site-packages/torch/distributed/elastic/multiprocessing/api.py:874] failed (exitcode: 1) local_rank: 0 (pid: 95342) of binary: /home/alex/miniconda3/envs/GeneticTrading/bin/python3.12
Traceback (most recent call last):
  File "/home/alex/miniconda3/envs/GeneticTrading/bin/torchrun", line 8, in <module>
    sys.exit(main())
             ^^^^^^
  File "/home/alex/miniconda3/envs/GeneticTrading/lib/python3.12/site-packages/torch/distributed/elastic/multiprocessing/errors/__init__.py", line 355, in wrapper
    return f(*args, **kwargs)
           ^^^^^^^^^^^^^^^^^^
  File "/home/alex/miniconda3/envs/GeneticTrading/lib/python3.12/site-packages/torch/distributed/run.py", line 892, in main
    run(args)
  File "/home/alex/miniconda3/envs/GeneticTrading/lib/python3.12/site-packages/torch/distributed/run.py", line 883, in run
    elastic_launch(
  File "/home/alex/miniconda3/envs/GeneticTrading/lib/python3.12/site-packages/torch/distributed/launcher/api.py", line 139, in __call__
    return launch_agent(self._config, self._entrypoint, list(args))
           ^^^^^^^^^^^^^^^^^^^^^^^^^^^^^^^^^^^^^^^^^^^^^^^^^^^^^^^^
  File "/home/alex/miniconda3/envs/GeneticTrading/lib/python3.12/site-packages/torch/distributed/launcher/api.py", line 270, in launch_agent
    raise ChildFailedError(
torch.distributed.elastic.multiprocessing.errors.ChildFailedError: 
============================================================
main.py FAILED
------------------------------------------------------------
Failures:
  <NO_OTHER_FAILURES>
------------------------------------------------------------
Root Cause (first observed failure):
[0]:
  time      : 2025-06-24_23:10:31
  host      : alex-System-Product-Name
  rank      : 0 (local_rank: 0)
  exitcode  : 1 (pid: 95342)
  error_file: <N/A>
  traceback : To enable traceback see: https://pytorch.org/docs/stable/elastic/errors.html
============================================================
‚ùå Training failed with exit code 1
(GeneticTrading) alex@alex-System-Product-Name:/mnt/windows/GeneticTrading$ 
